SUBS_P, M<BRWT, start=2330, node=113512
PRDE, ZH, start=3344, node=113762
ADJV_C, XLWYJ, start=7044, node=114706
VERB, HR>WT, start=8635, node=115111
ADJV_C, ZBT, start=8689, node=115124
ADJV_A, GDWL, start=13298, node=116326
SUBS_P, >HL, start=14546, node=116635
SUBS_P, XYJ, start=18415, node=117670
ADJV_A, MBQ<JM, start=19003, node=117833
ADJV_A, MVL>WT, start=19037, node=117840
ADVB, M>D, start=19380, node=117918
ADVB, M>D, start=23095, node=118812
PREP, >T, start=23388, node=118886
ADVB, M>D, start=25870, node=119530
VERB, HJWT, start=27392, node=119915
PREP, MN, start=27508, node=119945
PREP, B-, start=27621, node=119973
ADJV_A, BYRWT, start=32991, node=121321
PRDE, >LH, start=38269, node=122587
NMPR, >LP, start=41564, node=123393
ADVB, M>D, start=49828, node=125425
VERB, JR>, start=51766, node=125909
PREP, L-, start=52233, node=126020
PRDE, >LH, start=53257, node=126277
VERB, SWR, start=53507, node=126340
VERB, BW>, start=53540, node=126347
ADJV_A, <YWMJM, start=53739, node=126396
PRDE, Z>T, start=54182, node=126505
PRDE, Z>T, start=54534, node=126592
PRDE, >LH, start=56567, node=127090
