CONJ_P, W-, start=3802, node=1023
VERB, >KL, start=5177, node=1386
PRDE, Z>T, start=5289, node=1414
VERB, HKWT, start=7300, node=1925
PREP, >T, start=10098, node=2596
PREP, <D, start=10658, node=2750
ADJV_A, TMJM, start=10755, node=2774
PREP, >T, start=10823, node=2790
PREP, <D, start=13488, node=3511
PREP, B-, start=15959, node=4197
ADJV_A, QVN, start=17034, node=4479
PREP, >T, start=20628, node=5367
PREP, >T, start=20683, node=5380
ADJV_C, JPT, start=21971, node=5711
PRDE, Z>T, start=22440, node=5823
PREP, B-, start=22708, node=5890
VERB, CXT, start=23327, node=6056
ADVB, GM, start=24446, node=6334
ADJV_A, VWB, start=30969, node=7921
ADJV_A, XJH, start=31176, node=7976
ADJV_A, XJH, start=31487, node=8056
ADJV_A, <YWM, start=31706, node=8111
VERB, HPK, start=34871, node=8905
ADVB, GM, start=36453, node=9315
CONJ_P, W-, start=38264, node=9758
PRDE, >LH, start=39755, node=10140
PRIN, MJ, start=45442, node=11567
ADVB, GM, start=45571, node=11597
PRIN, MJ, start=47304, node=12031
PREP, <D, start=49997, node=12693
PRDE, Z>T, start=51977, node=13177
ADJV_A, GDL, start=53926, node=13651
ADJV_A, GDL, start=54860, node=13875
ADJV_A, QVN, start=54909, node=13889
ADJV_A, MRH, start=56347, node=14233
ADJV_A, GDL, start=57056, node=14404
ADJV_A, QVN, start=57088, node=14413
ADJV_A, QVNH, start=60568, node=15295
PRDE, Z>T, start=60980, node=15395
ADJV_A, VLW>, start=63919, node=16105
ADJV_A, VL>JM, start=64176, node=16175
ADJV_A, VL>T, start=64209, node=16185
ADJV_A, VL>JM, start=64593, node=16285
PREP, B-, start=66951, node=16876
VERB, MLK, start=79726, node=20011
ADJV_A, R<H, start=80601, node=20206
VERB, NTN, start=83842, node=20980
VERB, LDT, start=85354, node=21357
PRDE, Z>T, start=86420, node=21627
ADJV_C, JPWT, start=89409, node=22375
ADJV_C, R<WT, start=89566, node=22413
ADJV_C, JPT, start=89604, node=22424
ADJV_C, CDWPT, start=89730, node=22455
ADJV_A, ML>WT, start=89810, node=22473
ADJV_C, BRJ>WT, start=90644, node=22674
ADJV_A, R<WT, start=90817, node=22718
ADJV_A, BRJ>T, start=90847, node=22726
ADJV_A, DQWT, start=91022, node=22768
ADJV_A, VBT, start=91220, node=22814
ADJV_A, R<T, start=91311, node=22838
ADJV_C, CDPWT, start=91363, node=22851
ADJV_A, XKM, start=91763, node=22952
ADJV_A, B>T, start=91898, node=22986
ADJV_A, QVN, start=94698, node=23677
ADJV_A, QVN, start=95011, node=23748
PRDE, Z>T, start=95755, node=23930
ADJV_A, QVN, start=96171, node=24025
ADVB, GM, start=97303, node=24289
ADJV_A, >XR, start=97781, node=24400
ADJV_A, ZQN, start=98965, node=24685
ADJV_A, QVN, start=99118, node=24720
ADJV_A, QVN, start=101352, node=25255
ADJV_A, QVN, start=101520, node=25293
ADJV_A, QVN, start=101577, node=25308
ADVB, GM, start=106745, node=26542
ADVB, GM, start=107038, node=26613
ADVB, GM, start=108515, node=26990
ADJV_A, QVN, start=111431, node=27703
ADVB, GM, start=114466, node=28413
ADJV_A, KBD, start=114560, node=28438
PREP, L-, start=115746, node=28723
