VERB, HR<M, start=473, node=141655
VERB, <LT, start=530, node=141669
ADJV_C, QCT, start=1196, node=141828
ADJV_A, R<JM, start=1806, node=142561
ADVB, GM, start=2049, node=142622
PRDE, Z>T, start=638, node=143428
PRDE, >LH, start=828, node=143475
VERB, MWT, start=1973, node=143772
ADVB, M>D, start=840, node=144018
PRDE, Z>T, start=941, node=144344
ADJV_A, GDWLH, start=1902, node=144587
PRDE, ZH, start=2161, node=144653
ADJV_A, VWBJM, start=1076, node=145345
ADJV_A, VWBJM, start=1205, node=145373
VERB, BW>, start=1507, node=145876
ADVB, MXR, start=1532, node=145883
PRDE, ZH, start=1171, node=146499
PRIN, MJ, start=254, node=147270
PRIN, MJ, start=270, node=147274
PRIN, MJ, start=312, node=147286
ADVB, GM, start=1373, node=147541
PRDE, ZH, start=1536, node=147581
ADJV_A, GDWL, start=2113, node=147725
ADJV_A, VWBH, start=2233, node=147754
ADVB, GM, start=2348, node=147782
PRDE, LZ, start=101, node=148333
SUBS_P, M<BRWT, start=311, node=148388
ADVB, M>D, start=1864, node=148775
PRDE, ZH, start=2703, node=148998
PRDE, Z>T, start=4152, node=149370
ADJV_C, JPH, start=1078, node=150535
PRDE, ZH, start=960, node=151011
PRDE, ZH, start=1398, node=151120
PRDE, ZH, start=2053, node=151293
PRDE, ZH, start=2303, node=151360
ADJV_A, GDWL, start=2419, node=151390
ADVB, GM, start=3135, node=151577
PRDE, ZH, start=3176, node=151589
ADJV_C, XLQJ, start=3578, node=151691
ADJV_C, JPH, start=3797, node=151751
PRIN, MJ, start=5113, node=152092
PRIN, MJ, start=5194, node=152113
PRIN, MJ, start=5322, node=152146
PREP, B-, start=524, node=152289
ADJV_A, GDWLH, start=1267, node=152484
ADJV_A, NQLH, start=1917, node=152652
VERB, Y>T, start=2508, node=152808
NMPR, >ZL, start=1728, node=153832
EOA, *, start=0, node=997841
EOA, *, start=0, node=997860
ADVB, GM, start=2370, node=154002
EOA, *, start=0, node=998095
ADJV_C, MR, start=152, node=154781
ADJV_A, GDWL, start=1507, node=155128
PREP, M-, start=1918, node=155240
ADJV_A, GDWL, start=3534, node=157365
CONJ_P, W-, start=323, node=158578
ADVB, GM, start=524, node=158630
ADVB, GM, start=1485, node=158869
ADVB, ZH, start=277, node=159189
