ADJV_A, RC<H, start=1392, node=265851
ADJV_A, RC<H, start=1496, node=265878
VERB, XV>, start=1709, node=265928
ADJV_A, FM>LJ, start=340, node=266143
ADJV_A, JMWNJ, start=534, node=266189
ADJV_A, ZWNH, start=677, node=266971
ADJV_C, LBC, start=1105, node=268354
ADJV_C, LBC, start=110, node=268397
ADJV_C, LBC, start=495, node=268505
ADJV_C, LBC, start=665, node=268553
PREP, M-, start=1242, node=269633
VERB, CWB, start=1952, node=270331
ADJV_A, R<, start=1966, node=270335
VERB, <WBR, start=1355, node=270678
ADJV_A, R<JM, start=1875, node=270806
ADJV_A, GDWLH, start=3569, node=271848
ADJV_A, GDLWT, start=4854, node=272125
VERB, HTNF>, start=1123, node=272449
ADJV_A, TLWL, start=1909, node=272642
VERB, HXL, start=811, node=273728
VERB, HXL, start=1292, node=273840
VERB, HBJ>, start=1377, node=273860
VERB, HXL, start=2039, node=274013
ADJV_A, R<JM, start=4247, node=274516
ADJV_A, NCXTWT, start=4269, node=274521
ADJV_A, GDWL, start=1384, node=274859
PREP, L, start=2052, node=275020
NEGA, L>, start=2080, node=275684
VERB, CXT, start=2153, node=275704
VERB, HKSWT, start=651, node=276714
CONJ, W-, start=734, node=277570
ADJV_A, >RZJM, start=1610, node=278180
ADJV_C, MR, start=2129, node=278291
VERB, RDWT, start=1343, node=279144
ADVB, JWMM, start=1158, node=279568
CONJ, W-, start=1500, node=280120
ADJV_C, XLLJ, start=1552, node=280132
ADJV_C, XLLJ, start=1688, node=280167
ADJV_C, XLLJ, start=1515, node=280521
ADJV_C, XLLJ, start=2381, node=280704
ADJV_C, XLLJ, start=2445, node=280717
ADJV_C, XLLJ, start=2581, node=280747
ADJV_C, XLLJ, start=2750, node=280785
ADJV_A, R<JM, start=971, node=281041
VERB, <FWT, start=1370, node=281140
VERB, BW>, start=1816, node=281247
PREP, L-, start=349, node=282493
PREP, B-, start=579, node=282556
PREP, L-, start=658, node=282577
ADJV_A, GDWL, start=2018, node=282888
ADJV_A, R<JM, start=2720, node=283053
ADJV_A, NCMWT, start=3084, node=283137
ADVB, M>D, start=849, node=283407
PREP, L-, start=823, node=284017
PREP, <L, start=967, node=284054
ADJV_A, RBJM, start=2276, node=284901
ADVB, M>D, start=208, node=284992
ADJV_A, PNJMJ, start=2450, node=285593
ADJV_A, XYWNH, start=2694, node=285656
ADVB, SBJB, start=430, node=286200
PREP, >L, start=452, node=286205
PREP, L-, start=589, node=286242
PREP, L-, start=626, node=286253
PREP, MN, start=2130, node=287653
PREP, MN, start=2275, node=287688
ADJV_A, TMJM, start=1168, node=289387
PREP, B-, start=1204, node=289398
PREP, B-, start=1250, node=289410
ADVB, TMJD, start=1324, node=289431
PREP, B-, start=1377, node=289447
SUBS_C, LCKWT, start=1749, node=289539
VERB, HWYJ>, start=1906, node=289581
ADVB, M>D, start=559, node=289813
