PREP, M-, start=1675, node=160878
VERB, HBJ>, start=1107, node=161958
ADVB, KN, start=2535, node=162313
VERB, BW>, start=3245, node=162500
ADJV_C, NKH, start=277, node=162665
ADJV_A, XDCH, start=292, node=163489
VERB, XQWR, start=301, node=165328
ADVB, M>D, start=1366, node=167457
PRDE, Z>T, start=1478, node=167484
ADVB, M>D, start=3447, node=167973
VERB, FWM, start=644, node=168181
VERB, HCJB, start=1164, node=168318
VERB, SBB, start=1940, node=168520
ADJV_C, JPT, start=2672, node=168708
ADVB, KN, start=24, node=168881
PRDE, ZH, start=910, node=169977
ADVB, GM, start=2142, node=170287
VERB, HBJ>, start=1347, node=170639
ADVB, M>D, start=1722, node=171507
VERB, HZKJR, start=1835, node=171537
ADJV_A, <Z, start=877, node=174481
NMPR, GD, start=507, node=175559
