PREP, B-, start=2940, node=128181
PRDE, Z>T, start=228, node=128259
ADJV_A, QCH, start=1777, node=128633
VERB, HWRJC, start=2079, node=128707
ADJV_C, >VR, start=1305, node=129022
VERB, QR>WT, start=64, node=132152
ADJV_A, J<PJM, start=1361, node=132475
ADVB, GM, start=1923, node=132610
ADJV_A, PXZJM, start=400, node=132961
ADJV_A, VWBH, start=989, node=133102
ADVB, M>D, start=2957, node=135194
ADJV_A, QVNH, start=192, node=136783
PREP, <L, start=687, node=136904
PRDE, Z>T, start=977, node=136973
PRDE, Z>T, start=1673, node=137142
SUBS_C, JTD, start=1402, node=137541
PREP, M-, start=467, node=138120
ADJV_C, MRJ, start=2447, node=138922
ADJV_A, BVX, start=2638, node=138971
ADVB, GM, start=1814, node=139551
ADJV_C, >VR, start=1329, node=140228
VERB, TT, start=567, node=141135
