ADJV_C, MRJ, start=894, node=337031
NEGA, L>, start=434, node=338169
ADJV_A, R>JCWN, start=245, node=339796
NEGA, L>, start=1348, node=340049
VERB, XWC, start=62, node=340923
SUBS_A, NQJ, start=1195, node=341758
ADVB, GM, start=865, node=342114
NEGA, L>, start=37, node=342255
NEGA, L>, start=54, node=342259
NEGA, L>, start=73, node=342264
PRIN, MJ, start=126, node=342277
PRIN, MH, start=250, node=342305
ADJV_C, QCH, start=1079, node=343335
NEGA, L>, start=1211, node=343366
SUBS_A, XQR, start=1002, node=344593
ADJV_C, TMJM, start=710, node=345357
ADJV_C, XKMJ, start=1064, node=345435
PRDE, ZH, start=48, node=345448
PRIN, MJ, start=1167, node=345706
PRDE, ZH, start=77, node=346634
VERB, <FWT, start=524, node=346737
