PREP, B-, start=549, node=92939
PREP, L-, start=713, node=92988
ADJV_A, NBNJM, start=1025, node=93059
ADJV_A, JD<JM, start=1158, node=93088
ADJV_A, NWR>, start=1579, node=93196
PRDE, ZH, start=2938, node=93523
PRDE, ZH, start=4340, node=93868
ADJV_A, RB, start=4639, node=93942
ADJV_A, RB, start=5400, node=94127
ADJV_A, XZQH, start=8955, node=95032
PRDE, ZH, start=9083, node=95069
ADJV_A, NBWN, start=10029, node=95296
PRDE, ZH, start=10049, node=95302
VERB, <BR, start=11441, node=95644
VERB, B>, start=11466, node=95651
PRDE, Z>T, start=11601, node=95687
PRDE, ZH, start=12570, node=95922
PREP, B-, start=12704, node=95958
ADJV_A, GDWLH, start=12944, node=96019
ADJV_A, GDL, start=13050, node=96045
ADJV_A, <YMJM, start=13087, node=96053
PREP, MN, start=13525, node=96164
PRDE, Z>T, start=15957, node=96777
ADJV_C, ZBT, start=17075, node=97040
PREP, L-, start=17478, node=97137
ADJV_A, VBT, start=17515, node=97148
ADJV_A, R<JM, start=18351, node=97339
ADJV_A, NWR>, start=20659, node=97898
VERB, CMR, start=22003, node=98214
ADJV_A, NWR>, start=22267, node=98276
ADJV_A, RM, start=22893, node=98425
PREP, L-, start=23385, node=98545
PRDE, Z>T, start=23464, node=98566
ADJV_C, QCH, start=23482, node=98571
ADJV_C, QCH, start=24189, node=98747
PREP, L-, start=25422, node=99050
VERB, JKLT, start=25528, node=99079
ADJV_A, GDL, start=25652, node=99109
ADJV_A, NVWJH, start=25668, node=99114
ADJV_A, GDL, start=27167, node=99501
ADJV_A, XZQH, start=27715, node=99631
ADJV_A, NVWJH, start=27730, node=99635
ADJV_C, ZBT, start=28368, node=99794
VERB, >KL, start=32681, node=100823
PRDE, ZH, start=34683, node=101308
ADJV_A, >BJWN, start=37975, node=102133
ADJV_A, >BJWN, start=38140, node=102171
PRDE, ZH, start=41693, node=103051
PREP, L-, start=41931, node=103117
VERB, CM<, start=42360, node=103230
VERB, RWM, start=43137, node=103427
VERB, SWR, start=43164, node=103434
PREP, K-, start=43802, node=103596
PRDE, Z>T, start=44420, node=103746
PRDE, ZH, start=46658, node=104314
VERB, M<L, start=46827, node=104359
ADJV_C, RK, start=47439, node=104518
ADJV_C, JPT, start=49329, node=105003
ADJV_A, MWRH, start=49994, node=105171
ADJV_C, B<LT, start=52149, node=105699
CONJ, W-, start=52940, node=105911
ADJV_A, R>CWN, start=55009, node=106415
ADJV_A, >BJWN, start=55835, node=106623
PREP, L-, start=56270, node=106730
PREP, L-, start=56373, node=106755
PREP, L-, start=56437, node=106772
ADJV_A, MT, start=56964, node=106906
ADJV_A, <YWM, start=58517, node=107286
ADJV_C, ZBT, start=58814, node=107360
PREP, L-, start=59105, node=107434
PREP, L-, start=59230, node=107472
ADJV_C, ZBT, start=59528, node=107544
ADJV_C, ZBT, start=60241, node=107730
ADJV_A, VWB, start=62568, node=108301
PREP, >T, start=63211, node=108458
PREP, L-, start=64639, node=108814
ADJV_C, <Z, start=65507, node=109024
ADJV_A, GBHWT, start=65711, node=109071
ADJV_A, NWR>, start=66433, node=109259
ADJV_A, N>MNWT, start=66512, node=109277
PRDE, HM, start=67716, node=109579
PREP, L-, start=68510, node=109771
PRDE, ZH, start=69650, node=110067
PREP, L-, start=72006, node=110653
ADJV_A, QCH, start=74739, node=111346
ADJV_A, PTLTL, start=75407, node=111506
NEGA, L>, start=75444, node=111515
NEGA, L>, start=76391, node=111715
NEGA, L>, start=76431, node=111724
ADVB, GM, start=76683, node=111782
ADJV_C, >BD, start=76838, node=111813
PREP, L-, start=80822, node=112755
