VERB, MLK, start=1887, node=391709
VERB, <YB, start=7429, node=392961
ADJV_A, JHDJH, start=7888, node=393069
ADJV_A, VWB, start=9211, node=393372
PREP, B-, start=10549, node=393696
PREP, B-, start=15305, node=394776
PREP, B-, start=15593, node=394847
PREP, B-, start=15798, node=394898
PREP, B-, start=15918, node=394928
ADJV_A, >RMJH, start=17063, node=395188
SUBS_C, >YRWT, start=22315, node=396416
SUBS_C, MYD, start=28285, node=397851
ADJV_C, XLWYJ, start=29597, node=398170
INRG, H-, start=38516, node=400331
ADVB, M>D, start=41015, node=400936
PREP, L-, start=42090, node=401203
PREP, L-, start=48572, node=402852
PREP, L-, start=50873, node=403422
VERB, >XZ, start=51609, node=403603
ADJV_A, QVN, start=52783, node=403872
PREP, B-, start=52864, node=403893
PREP, K-, start=53557, node=404052
PREP, L-, start=56104, node=404630
PREP, B-, start=58917, node=405321
ADJV_A, RBJM, start=60127, node=405635
ADJV_A, PNJMJM, start=60813, node=405799
CONJ, W-, start=61298, node=405926
