ADJV_A, NWR>, start=446, node=383527
ADJV_A, GDWL, start=1014, node=383663
ADJV_A, XZQH, start=1030, node=383668
PRDE, ZH, start=1530, node=383798
VERB, <LT, start=5024, node=384642
ADJV_A, NWR>, start=7301, node=385191
ADJV_A, JHWDJM, start=8835, node=385557
VERB, NKWN, start=16865, node=387464
ADVB, M>D, start=17700, node=387692
ADJV_A, RBJM, start=19707, node=388185
ADJV_A, VWBH, start=19856, node=388226
ADJV_A, GDWL, start=20472, node=388375
ADJV_A, RBJM, start=20686, node=388424
ADJV_A, RBWT, start=20860, node=388464
ADJV_A, RBJM, start=21133, node=388529
ADJV_A, RXWM, start=21177, node=388540
ADJV_A, RB, start=21587, node=388639
ADJV_A, R<JM, start=21676, node=388663
PREP, L-, start=23257, node=389002
PREP, L-, start=25105, node=389455
PREP, M-, start=28610, node=390265
PREP, L-, start=29176, node=390408
PREP, M-, start=29862, node=390589
PRDE, ZH, start=31148, node=390915
ADJV_A, <MWNJWT, start=31809, node=391082
PRDE, Z>T, start=32229, node=391180
