ADJV_A, TMJMH, start=3313, node=53341
PREP, <L, start=3828, node=53479
ADJV_A, TMJM, start=5838, node=54014
PREP, B-, start=9640, node=55007
PREP, L-, start=13565, node=55995
ADJV_A, JMNJT, start=15532, node=56531
ADJV_A, JMNJT, start=15555, node=56537
ADJV_A, JMNJT, start=15618, node=56553
ADJV_A, JMNJT, start=15640, node=56559
ADJV_A, JMNJT, start=15663, node=56565
PREP, <L, start=16261, node=56731
PREP, >T, start=16318, node=56745
PREP, L-, start=16939, node=56904
ADJV_A, NWTRJM, start=19670, node=57632
PREP, M-, start=24595, node=58908
ADJV_A, >DMDMT, start=25907, node=59266
ADJV_A, >DMDMT, start=26309, node=59369
ADJV_A, DQ, start=26848, node=59514
ADJV_A, LBNT, start=27623, node=59728
ADJV_A, >DMDM, start=27787, node=59769
ADJV_A, VHRWT, start=29557, node=60264
ADJV_A, JMNJT, start=30592, node=60555
ADJV_A, JMNJT, start=30615, node=60561
ADJV_A, JMNJT, start=30703, node=60585
ADJV_A, FM>LJT, start=30732, node=60593
ADJV_A, JMNJT, start=30867, node=60629
ADJV_A, JMNJT, start=30890, node=60635
ADJV_A, JMNJT, start=31567, node=60823
ADJV_A, JMNJT, start=31590, node=60829
ADJV_A, JMNJT, start=31669, node=60850
ADJV_A, FM>LJT, start=31698, node=60858
ADJV_A, JMNJT, start=31806, node=60886
ADJV_A, JMNJT, start=31829, node=60892
ADJV_A, >DMDMT, start=32512, node=61078
NEGA, L>, start=35809, node=61997
VERB, <FWT, start=42861, node=63807
PREP, B-, start=45193, node=64353
VERB, HMJT, start=45724, node=64491
ADJV_C, ZBT, start=47363, node=64875
ADJV_A, XLLH, start=48149, node=65069
ADJV_A, PSX, start=48912, node=65252
ADJV_C, MRWX, start=49024, node=65280
ADJV_C, VM>, start=49683, node=65444
PREP, B-, start=50763, node=65709
ADJV_A, QLWV, start=51070, node=65790
PRDE, ZH, start=53699, node=66413
PRDE, ZH, start=54244, node=66550
ADJV_A, KTJT, start=55239, node=66792
VERB, HMKR, start=60372, node=68051
VERB, <FWT, start=61791, node=68379
ADJV_A, <RL, start=63816, node=68842
SUBS_P, <RK, start=66029, node=69394
SUBS_P, <RK, start=66059, node=69403
PREP, M-, start=66571, node=69537
