PRDE, ZH, start=825, node=407024
PREP, B-, start=1382, node=407589
ADJV_A, PNJMJWT, start=1876, node=408574
PREP, L-, start=1075, node=408863
ADJV_A, GDWL, start=3122, node=409745
ADJV_A, XZQH, start=3136, node=409749
ADJV_A, NVWJH, start=3152, node=409753
ADJV_A, QRWBH, start=3644, node=409877
ADVB, M>D, start=849, node=410234
ADJV_A, R<JM, start=1442, node=410391
ADVB, M>D, start=92, node=411055
ADJV_A, QCH, start=269, node=411807
ADJV_A, KBD, start=284, node=411812
VERB, BW>, start=925, node=412838
ADJV_C, RK, start=595, node=413112
NEGA, L>, start=873, node=413184
PREP, B-, start=1001, node=413214
PREP, B-, start=1101, node=413246
ADVB, HRBH, start=1124, node=413775
NEGA, L>, start=212, node=413860
VERB, TT, start=94, node=414218
ADJV_C, XLWYJ, start=1430, node=414900
PRIN, MH, start=1380, node=415259
PREP, >T, start=2682, node=415579
PREP, L-, start=854, node=415911
PRDE, ZH, start=1038, node=416235
PRDE, ZH, start=1363, node=416312
NEGA, L>, start=1814, node=417260
ADJV_A, QVN, start=54, node=417281
ADJV_A, GDLWT, start=1320, node=419916
ADJV_A, CLCJT, start=482, node=420267
ADJV_A, RBH, start=1299, node=420639
PREP, L-, start=625, node=421127
PREP, B-, start=2301, node=421547
ADJV_C, NDJB, start=2920, node=421708
SUBS_A, DJ, start=265, node=421891
PREP, L-, start=1033, node=422086
EOA, *, start=0, node=1169965
VERB, HTJXF, start=1655, node=422924
ADJV_A, >XRT, start=441, node=423192
ADVB, KN, start=2348, node=423648
ADVB, M>D, start=2865, node=423779
VERB, HKN<, start=1840, node=424339
PREP, L-, start=689, node=425547
