PRDE, HM, start=1744, node=29575
PREP, >T, start=1892, node=29610
PRDE, ZH, start=242, node=29689
ADJV_A, RXBH, start=706, node=29801
ADJV_C, ZBT, start=718, node=29804
ADJV_C, ZBT, start=1720, node=30046
PRDE, ZH, start=114, node=30194
ADVB, >Z, start=849, node=30383
ADVB, GM, start=1138, node=31088
PREP, >L, start=163, node=31286
PREP, L-, start=669, node=31402
PREP, >T, start=1751, node=31662
PREP, <L, start=69, node=32405
PREP, MN, start=753, node=32580
VERB, HJWT, start=1595, node=32803
PREP, M-, start=2212, node=32953
VERB, CLX, start=2260, node=32966
PREP, M-, start=2368, node=32996
PREP, B-, start=188, node=33066
ADVB, M>D, start=230, node=33081
VERB, HR>T, start=1301, node=33363
VERB, CLX, start=1374, node=33380
ADVB, MXR, start=1402, node=33386
ADVB, M>D, start=1414, node=33389
CONJ, W-, start=835, node=33992
ADVB, M>D, start=1841, node=34256
ADJV_A, ZKR, start=315, node=34768
ADVB, GM, start=2799, node=35413
ADVB, M>D, start=3287, node=35532
ADJV_C, ZBT, start=357, node=35857
PRDE, Z>T, start=372, node=36324
PRDE, Z>T, start=876, node=36440
PREP, B-, start=1483, node=36587
PREP, <L, start=2223, node=36779
PREP, B-, start=1818, node=37806
PREP, <D, start=1039, node=38739
PREP, <D, start=1177, node=38780
ADVB, GM, start=1399, node=38833
ADJV_C, JR>J, start=1690, node=38909
ADJV_C, FN>J, start=1710, node=38913
ADVB, M>D, start=1328, node=39405
PREP, >T, start=682, node=39763
VERB, NSWT, start=1210, node=39898
PREP, <D, start=160, node=40651
PREP, >T, start=1876, node=41507
PREP, <D, start=2090, node=41562
ADJV_A, CNJT, start=697, node=42146
PREP, M-, start=1035, node=42228
PREP, M-, start=1057, node=42235
ADJV_A, CNJ, start=2077, node=42479
ADVB, SBJB, start=1192, node=43622
ADJV_A, KTJT, start=1435, node=43680
PREP, <D, start=1534, node=43707
ADJV_C, XKMJ, start=194, node=43764
ADJV_A, JMNJT, start=1478, node=44932
ADJV_A, JMNJT, start=1500, node=44938
ADJV_A, JMNJT, start=1523, node=44944
CONJ_P, W-, start=1746, node=45004
CONJ_P, W-, start=163, node=45550
PREP, B-, start=481, node=45631
PREP, B-, start=683, node=45678
PREP, B-, start=712, node=45687
ADJV_C, XKM, start=311, node=46243
ADJV_C, QCH, start=803, node=46701
PREP, L-, start=1133, node=46783
PREP, L-, start=101, node=47293
ADJV_C, ZBT, start=231, node=47328
ADJV_C, QCH, start=270, node=47339
PRDE, ZH, start=329, node=47357
ADJV_C, QCH, start=412, node=47377
ADJV_A, XNWN, start=507, node=47902
ADJV_C, QCH, start=745, node=47963
ADJV_C, NDJB, start=324, node=48579
ADJV_C, XKM, start=565, node=48642
PREP, >T, start=622, node=48656
PREP, >T, start=1058, node=48772
ADJV_C, NDJB, start=1424, node=48866
ADJV_C, XKMT, start=1721, node=48938
PREP, >T, start=1777, node=48953
PREP, B-, start=2214, node=49069
PREP, B-, start=2481, node=49145
ADJV_C, XKM, start=39, node=49169
ADJV_C, XKM, start=178, node=49206
PREP, B-, start=376, node=49257
ADJV_C, XKM, start=716, node=49348
CONJ_P, W-, start=2961, node=49916
ADJV_A, CNJT, start=242, node=49988
ADJV_A, CNJ, start=1298, node=50250
PREP, >T, start=219, node=50491
SUBS_P, KTNT, start=1931, node=51542
PREP, >T, start=2563, node=51701
PREP, >T, start=2612, node=51714
PREP, >T, start=2840, node=51776
