ADJV_C, XSR, start=7846, node=348647
ADJV_C, NKBDJ, start=9711, node=349051
ADJV_C, XSR, start=11532, node=349452
ADJV_C, XSR, start=11861, node=349520
ADJV_C, SRT, start=13263, node=349828
ADJV_C, XKM, start=13560, node=349893
NEGA, L>, start=15729, node=350373
ADJV_A, KSJL, start=18102, node=350890
ADJV_C, XSR, start=18137, node=350897
SUBS_P, M<N, start=18820, node=351045
ADJV_C, GBH, start=18863, node=351055
ADJV_C, XKM, start=19543, node=351208
VERB, HTGL<, start=20712, node=351475
ADJV_C, XSR, start=20869, node=351512
ADJV_C, <QC, start=22375, node=351846
NEGA, L>, start=22405, node=351853
ADJV_C, RXB, start=25022, node=352442
ADJV_A, KSJL, start=25713, node=352607
ADJV_C, R<, start=27693, node=353050
ADJV_A, N<JMJM, start=27820, node=353080
INTJ, >WJ, start=28671, node=353272
ADJV_A, N<JM, start=29180, node=353391
ADJV_C, XSR, start=30368, node=353669
NEGA, >JN, start=31827, node=353999
ADVB, XNM, start=31957, node=354038
ADJV_A, JD<, start=34386, node=354599
ADJV_C, <QC, start=34554, node=354637
ADJV_C, R<, start=35286, node=354795
ADJV_C, MRJ, start=38668, node=355558
ADJV_A, RBWT, start=39582, node=355760
ADJV_C, JR>T, start=39648, node=355777
