ADJV_C, KBD, start=249, node=212121
ADJV_C, NBLT, start=1985, node=212504
ADJV_A, NF>JM, start=939, node=212760
ADJV_A, NF>, start=62, node=213988
ADJV_C, VM>, start=350, node=214058
ADJV_C, VM>, start=376, node=214065
PRDE, >LH, start=416, node=214343
ADJV_A, FKJRH, start=1484, node=214612
ADJV_A, RBJM, start=472, node=214847
PREP, B-, start=126, node=215186
PREP, L-, start=870, node=217023
ADJV_C, MV<NJ, start=1203, node=217096
ADJV_A, MWRV, start=123, node=217996
ADJV_A, MWRV, start=560, node=218110
ADJV_C, RB, start=437, node=218827
ADJV_C, RXBT, start=1183, node=219270
SUBS_P, GBRT, start=113, node=219718
ADJV_C, FMXJ, start=453, node=219803
ADJV_A, QCH, start=42, node=220572
ADJV_A, QCH, start=482, node=220675
ADJV_A, N<ZB, start=639, node=220712
PREP, B-, start=999, node=220803
ADJV_A, CVPJM, start=146, node=220837
VERB, <BR, start=1388, node=221148
PREP, B-, start=1414, node=221155
PREP, L-, start=599, node=221939
NEGA, L>, start=685, node=222624
PREP, <L, start=683, node=222819
CONJ, W-, start=332, node=223011
ADJV_C, RXBJ, start=1283, node=223208
ADJV_C, NMHRJ, start=204, node=223611
PRDE, ZH, start=496, node=223856
ADJV_A, QVNJM, start=858, node=223942
PREP, <D, start=931, node=225236
PREP, <D, start=997, node=225251
ADJV_C, >MJY, start=1698, node=225985
ADJV_A, CSWJ, start=1428, node=226856
ADJV_A, R>CWN, start=1804, node=227328
VERB, HW<JL, start=713, node=227513
PREP, B, start=1845, node=227782
ADJV_A, MWCJ<, start=1758, node=228265
ADVB, >Z, start=559, node=228920
VERB, HKRJT, start=665, node=228944
PREP, B-, start=397, node=229713
ADJV_C, <YWBT, start=426, node=230865
NEGA, LW>, start=78, node=231077
NEGA, LW>, start=128, node=231090
PREP, B-, start=772, node=231495
VERB, MBJN, start=63, node=231568
ADJV_C, XLQJ, start=328, node=231630
ADJV_A, NF>, start=413, node=231650
ADJV_C, CPL, start=1057, node=231806
ADJV_C, NCBRJ, start=73, node=233034
PRDE, ZH, start=12, node=233462
ADJV_A, RB, start=488, node=233576
ADJV_A, R>CNH, start=529, node=234076
VERB, HCXJT, start=643, node=234103
INTJ, >MN, start=1295, node=234261
INTJ, >MN, start=1327, node=234271
ADJV_C, NKH, start=166, node=234500
PREP, L-, start=1928, node=234924
