ADJV_C, JCRJ, start=134, node=312001
NEGA, L>, start=63, node=312498
CONJ_P, W-, start=952, node=312852
ADJV_C, DCNJ, start=1403, node=313865
CONJ, W-, start=157, node=313998
PRDE, ZH, start=349, node=314043
PRDE, ZH, start=528, node=314187
ADJV_A, RBJM, start=531, node=315343
ADJV_C, JCRJ, start=622, node=315364
ADJV_C, NCBRJ, start=812, node=315755
ADJV_C, >BL, start=683, node=315941
ADJV_C, JCRJ, start=494, node=316195
ADJV_C, JQR, start=892, node=316417
NEGA, L>, start=41, node=317550
NEGA, L>, start=600, node=317737
ADJV_A, NDKH, start=844, node=319039
NEGA, L>, start=201, node=320066
NEGA, L>, start=212, node=320069
ADJV_C, JCRJ, start=489, node=320823
ADJV_C, JR>J, start=751, node=321120
ADJV_C, JRQRQ, start=739, node=321381
ADJV_C, BRJ, start=44, node=322538
EOA, *, start=0, node=1107464
ADJV_A, ML>, start=376, node=323105
ADJV_C, RC<J, start=418, node=323116
SUBS_P, >P, start=325, node=323208
ADJV_C, <NWJ, start=401, node=323226
ADJV_A, MRH, start=450, node=323554
PREP, K-, start=379, node=324917
ADJV_A, XNWN, start=724, node=325428
ADJV_A, R>CNJM, start=2201, node=326187
ADJV_A, RBJM, start=2277, node=326202
PREP, <LJ, start=137, node=326589
ADJV_C, JCRJ, start=591, node=326890
PREP, L-, start=86, node=327098
ADJV_C, JCRJ, start=516, node=327347
ADJV_A, GDWL, start=106, node=327483
CONJ, W-, start=254, node=327673
ADJV_C, RC<J, start=419, node=327711
PREP, M-, start=116, node=329482
PREP, B, start=1447, node=329767
ADJV_A, >BJWN, start=688, node=330119
ADJV_A, MLWH, start=201, node=330505
ADJV_C, TMJMJ, start=14, node=331324
ADJV_C, RC<J, start=4674, node=332228
PREP, B-, start=260, node=333750
ADJV_C, CBWRJ, start=102, node=335575
ADVB, GM, start=483, node=335849
