NEGA, L>, start=696, node=235523
NEGA, LW>, start=892, node=235568
ADJV_A, NKRJH, start=1623, node=235733
ADJV_A, R<, start=1600, node=236394
PREP, B-, start=104, node=236570
NEGA, L>, start=579, node=237240
ADJV_A, MWRH, start=1874, node=237543
ADJV_C, ML>, start=852, node=237858
VERB, HW<JL, start=621, node=238344
ADJV_A, R<, start=2134, node=238714
PRDE, Z>T, start=376, node=239040
PRIN, MH, start=895, node=239163
ADJV_C, ZBT, start=428, node=240419
ADJV_A, R<, start=756, node=240505
ADJV_A, R>CNJM, start=905, node=240541
ADJV_C, JPH, start=1524, node=240681
PREP, B, start=303, node=240901
ADJV_A, R<JM, start=1092, node=241084
ADJV_A, R<, start=593, node=241318
ADVB, M>D, start=1534, node=242059
ADVB, GM, start=1616, node=242080
ADVB, JWMM, start=799, node=242368
PREP, M-, start=1053, node=242430
PRDE, Z>T, start=939, node=242853
ADJV_A, R<, start=1197, node=242908
VERB, CM<, start=1207, node=242911
ADJV_A, RBJM, start=1616, node=243007
PREP, <L, start=135, node=243141
VERB, CWM<, start=1735, node=243524
VERB, QXT, start=1749, node=243528
VERB, HBJ>, start=1803, node=243540
VERB, <FWT, start=1871, node=243561
VERB, F>T, start=2226, node=243656
VERB, CM<, start=597, node=243836
ADJV_A, R<H, start=783, node=243880
ADJV_A, R<, start=873, node=243898
ADJV_A, QRJM, start=1006, node=243929
VERB, CMW<, start=1591, node=244528
PREP, MN, start=690, node=245098
PRDE, Z>T, start=735, node=245486
NEGA, L>, start=1089, node=245572
NEGA, L>, start=1109, node=245577
ADJV_A, >XRT, start=2180, node=245838
ADJV_A, NPWY, start=2287, node=245864
SUBS_A, KN, start=942, node=246143
ADVB, GM, start=960, node=246147
ADJV_A, R<, start=1947, node=246371
ADVB, M>D, start=211, node=246770
ADVB, M>D, start=253, node=246781
PRDE, >LH, start=460, node=246832
PREP, L-, start=940, node=246956
PREP, >T, start=1009, node=246974
ADJV_A, R<H, start=458, node=247103
PREP, L-, start=1741, node=247417
SUBS_C, MMLKWT, start=2280, node=247566
ADJV_A, R<H, start=253, node=247907
VERB, TT, start=2463, node=248471
PREP, >T, start=386, node=248566
ADJV_A, GDWL, start=433, node=248581
ADJV_A, NVWJH, start=451, node=248586
PREP, B-, start=1318, node=248802
ADJV_A, VWB, start=920, node=249688
PREP, >T, start=1517, node=249829
PREP, B-, start=1613, node=249855
ADJV_A, MTNB>, start=2504, node=250074
VERB, DBR, start=1620, node=251011
PREP, <D, start=3419, node=251443
PREP, >T, start=1002, node=251706
ADJV_A, GDWL, start=1572, node=251854
ADJV_A, NVWJH, start=1589, node=251859
ADJV_C, ZBT, start=2066, node=251982
VERB, SWR, start=3834, node=252426
PRDE, Z>T, start=3994, node=252470
PREP, L-, start=651, node=252708
PREP, B-, start=1218, node=252857
VERB, HJWT, start=1819, node=253013
VERB, <BD, start=954, node=253369
VERB, <BD, start=1077, node=253401
PREP, >L, start=1842, node=253584
VERB, CTWT, start=746, node=253911
VERB, BNWT, start=807, node=253923
VERB, CTWT, start=1238, node=254027
ADJV_A, R<H, start=1417, node=254072
ADJV_A, R<H, start=333, node=254293
ADJV_A, R<H, start=708, node=254386
VERB, FRP, start=2525, node=254865
PREP, B-, start=173, node=255618
VERB, HCJB, start=2832, node=256303
PREP, M-, start=466, node=257416
VERB, CM<, start=1218, node=258081
PREP, B-, start=1652, node=258185
PREP, B-, start=2229, node=258323
VERB, QVR, start=500, node=258801
VERB, HWTJR, start=741, node=258860
PREP, L-, start=1376, node=259019
PREP, B-, start=1465, node=259043
ADJV_A, GDWL, start=3076, node=259448
PRIN, MJ, start=3370, node=259521
PRDE, ZH, start=460, node=259803
ADJV_C, JPH, start=1485, node=260044
PREP, B, start=161, node=260272
VERB, JWCB, start=599, node=260506
PREP, >L, start=1385, node=260685
SUBS_A, KN, start=1927, node=260811
PREP, <D, start=2210, node=260876
PREP, L-, start=1063, node=261358
PREP, B-, start=1285, node=261411
PRDE, ZH, start=1615, node=261491
VERB, NPL, start=1769, node=261525
PRDE, ZH, start=3601, node=262701
PREP, >T, start=2106, node=263226
ADJV_A, GBHJM, start=4384, node=263752
VERB, HJWT, start=4792, node=263856
