ADJV_C, JCRJ, start=138, node=312001
NEGA, L>, start=67, node=312498
CONJ_P, W-, start=956, node=312852
ADJV_C, DCNJ, start=1407, node=313865
CONJ, W-, start=161, node=313998
PRDE, ZH, start=353, node=314043
PRDE, ZH, start=532, node=314187
ADJV_A, RBJM, start=535, node=315343
ADJV_C, JCRJ, start=626, node=315364
ADJV_C, NCBRJ, start=816, node=315755
ADJV_C, >BL, start=687, node=315941
ADJV_C, JCRJ, start=498, node=316195
ADJV_C, JQR, start=896, node=316417
NEGA, L>, start=45, node=317550
NEGA, L>, start=604, node=317737
ADJV_A, NDKH, start=848, node=319039
NEGA, L>, start=205, node=320066
NEGA, L>, start=216, node=320069
ADJV_C, JCRJ, start=493, node=320823
ADJV_C, JR>J, start=755, node=321120
ADJV_C, JRQRQ, start=743, node=321381
ADJV_C, BRJ, start=48, node=322538
EOA, *, start=0, node=1107464
ADJV_A, ML>, start=380, node=323105
ADJV_C, RC<J, start=422, node=323116
SUBS_P, >P, start=329, node=323208
ADJV_C, <NWJ, start=405, node=323226
ADJV_A, MRH, start=454, node=323554
PREP, K-, start=383, node=324917
ADJV_A, XNWN, start=728, node=325428
ADJV_A, R>CNJM, start=2205, node=326187
ADJV_A, RBJM, start=2281, node=326202
PREP, <LJ, start=141, node=326589
ADJV_C, JCRJ, start=595, node=326890
PREP, L-, start=90, node=327098
ADJV_C, JCRJ, start=520, node=327347
ADJV_A, GDWL, start=110, node=327483
CONJ, W-, start=258, node=327673
ADJV_C, RC<J, start=423, node=327711
PREP, M-, start=120, node=329482
PREP, B, start=1451, node=329767
ADJV_A, >BJWN, start=692, node=330119
ADJV_A, MLWH, start=205, node=330505
ADJV_C, TMJMJ, start=18, node=331324
ADJV_C, RC<J, start=4678, node=332228
PREP, B-, start=264, node=333750
ADJV_C, CBWRJ, start=106, node=335575
ADVB, GM, start=487, node=335849
